<?xml version="1.0" encoding="UTF-8"?>
<!-- Generated by org.testng.reporters.JUnitXMLReporter -->
<testsuite hostname="Tanus-MacBook-Pro.local" ignored="0" name="Verify Home" tests="3" failures="0" timestamp="10 Jun 2019 16:44:12 GMT" time="37.267" errors="0">
  <testcase name="verifyTextOnHelpModule" time="12.907" classname="testcases.VerifyHomePage"/>
  <testcase name="verifyKeyboardShortcuts" time="0.518" classname="testcases.VerifyHomePage"/>
  <testcase name="verifyCountry" time="7.512" classname="testcases.VerifyHomePage"/>
</testsuite> <!-- Verify Home -->
