<?xml version="1.0" encoding="UTF-8"?>
<testsuite xmlns:xsi="http://www.w3.org/2001/XMLSchema-instance" xsi:noNamespaceSchemaLocation="https://maven.apache.org/surefire/maven-surefire-plugin/xsd/surefire-test-report.xsd" name="TestSuite" time="52.719" tests="3" errors="0" skipped="0" failures="0">
  <properties>
[...]
</properties>
  <testcase name="verifyTextOnHelpModule" classname="testcases.VerifyHomePage" time="12.907"/>
  <testcase name="verifyKeyboardShortcuts" classname="testcases.VerifyHomePage" time="0.519"/>
  <testcase name="verifyCountry" classname="testcases.VerifyHomePage" time="7.504"/>
</testsuite>